<?xml version="1.0" encoding="UTF-8"?>
<!-- Generated by org.testng.reporters.JUnitXMLReporter -->
<testsuite hostname="Bala-Laptop" ignored="0" name="Default test" tests="6" failures="0" timestamp="24 Mar 2018 14:22:40 GMT" time="0.088" errors="0">
  <testcase name="f" time="0.014" classname="test123.Demo"/>
  <testcase name="f" time="0.003" classname="test123.Demo"/>
  <testcase name="f" time="0.002" classname="test123.Demo"/>
  <testcase name="f" time="0.004" classname="test123.Demo"/>
  <testcase name="f" time="0.002" classname="test123.Demo"/>
  <testcase name="f" time="0.001" classname="test123.Demo"/>
</testsuite> <!-- Default test -->
