<?xml version="1.0" encoding="UTF-8"?>
<testng-results skipped="0" failed="0" ignored="0" total="6" passed="6">
  <reporter-output>
  </reporter-output>
  <suite name="Default suite" duration-ms="88" started-at="2018-03-24T14:22:40Z" finished-at="2018-03-24T14:22:40Z">
    <groups>
    </groups>
    <test name="Default test" duration-ms="88" started-at="2018-03-24T14:22:40Z" finished-at="2018-03-24T14:22:40Z">
      <class name="test123.Demo">
        <test-method status="PASS" signature="f(java.lang.String, java.lang.String, java.lang.String)[pri:0, instance:test123.Demo@6d78f375]" name="f" duration-ms="14" started-at="2018-03-24T19:52:40Z" data-provider="LoginTest" finished-at="2018-03-24T19:52:40Z">
          <params>
            <param index="0">
              <value>
                <![CDATA[Bala]]>
              </value>
            </param>
            <param index="1">
              <value>
                <![CDATA[India]]>
              </value>
            </param>
            <param index="2">
              <value>
                <![CDATA[Automation]]>
              </value>
            </param>
          </params>
          <reporter-output>
          </reporter-output>
        </test-method> <!-- f -->
        <test-method status="PASS" signature="f(java.lang.String, java.lang.String, java.lang.String)[pri:0, instance:test123.Demo@6d78f375]" name="f" duration-ms="3" started-at="2018-03-24T19:52:40Z" data-provider="LoginTest" finished-at="2018-03-24T19:52:40Z">
          <params>
            <param index="0">
              <value>
                <![CDATA[murugan]]>
              </value>
            </param>
            <param index="1">
              <value>
                <![CDATA[UK]]>
              </value>
            </param>
            <param index="2">
              <value>
                <![CDATA[Manual]]>
              </value>
            </param>
          </params>
          <reporter-output>
          </reporter-output>
        </test-method> <!-- f -->
        <test-method status="PASS" signature="f(java.lang.String, java.lang.String, java.lang.String)[pri:0, instance:test123.Demo@6d78f375]" name="f" duration-ms="2" started-at="2018-03-24T19:52:40Z" data-provider="LoginTest" finished-at="2018-03-24T19:52:40Z">
          <params>
            <param index="0">
              <value>
                <![CDATA[Bala]]>
              </value>
            </param>
            <param index="1">
              <value>
                <![CDATA[India]]>
              </value>
            </param>
            <param index="2">
              <value>
                <![CDATA[Automation]]>
              </value>
            </param>
          </params>
          <reporter-output>
          </reporter-output>
        </test-method> <!-- f -->
        <test-method status="PASS" signature="f(java.lang.String, java.lang.String, java.lang.String)[pri:0, instance:test123.Demo@6d78f375]" name="f" duration-ms="4" started-at="2018-03-24T19:52:40Z" data-provider="LoginTest" finished-at="2018-03-24T19:52:40Z">
          <params>
            <param index="0">
              <value>
                <![CDATA[murugan]]>
              </value>
            </param>
            <param index="1">
              <value>
                <![CDATA[UK]]>
              </value>
            </param>
            <param index="2">
              <value>
                <![CDATA[Manual]]>
              </value>
            </param>
          </params>
          <reporter-output>
          </reporter-output>
        </test-method> <!-- f -->
        <test-method status="PASS" signature="f(java.lang.String, java.lang.String, java.lang.String)[pri:0, instance:test123.Demo@6d78f375]" name="f" duration-ms="2" started-at="2018-03-24T19:52:40Z" data-provider="LoginTest" finished-at="2018-03-24T19:52:40Z">
          <params>
            <param index="0">
              <value>
                <![CDATA[Bala]]>
              </value>
            </param>
            <param index="1">
              <value>
                <![CDATA[India]]>
              </value>
            </param>
            <param index="2">
              <value>
                <![CDATA[Automation]]>
              </value>
            </param>
          </params>
          <reporter-output>
          </reporter-output>
        </test-method> <!-- f -->
        <test-method status="PASS" signature="f(java.lang.String, java.lang.String, java.lang.String)[pri:0, instance:test123.Demo@6d78f375]" name="f" duration-ms="1" started-at="2018-03-24T19:52:40Z" data-provider="LoginTest" finished-at="2018-03-24T19:52:40Z">
          <params>
            <param index="0">
              <value>
                <![CDATA[murugan]]>
              </value>
            </param>
            <param index="1">
              <value>
                <![CDATA[UK]]>
              </value>
            </param>
            <param index="2">
              <value>
                <![CDATA[Manual]]>
              </value>
            </param>
          </params>
          <reporter-output>
          </reporter-output>
        </test-method> <!-- f -->
      </class> <!-- test123.Demo -->
    </test> <!-- Default test -->
  </suite> <!-- Default suite -->
</testng-results>
